# JRE version: Java(TM) SE Runtime Environment 18.9 (11.0.17+10) (build 11.0.17+10-LTS-269)
# Java VM: Java HotSpot(TM) 64-Bit Server VM 18.9 (11.0.17+10-LTS-269, mixed mode, tiered, compressed oops, g1 gc, windows-amd64)
Heap:
 garbage-first heap   total 236544K, used 31714K [0x0000000741a00000, 0x0000000800000000)
  region size 1024K, 17 young (17408K), 12 survivors (12288K)
 Metaspace       used 68540K, capacity 70287K, committed 70476K, reserved 1110016K
  class space    used 8776K, capacity 9520K, committed 9600K, reserved 1048576K
GC Heap History (10 events):
Event: 3.452 GC heap before
{Heap before GC invocations=4 (full 0):
 garbage-first heap   total 196608K, used 94456K [0x0000000741a00000, 0x0000000800000000)
  region size 1024K, 85 young (87040K), 5 survivors (5120K)
 Metaspace       used 32926K, capacity 33861K, committed 34048K, reserved 1079296K
  class space    used 3910K, capacity 4259K, committed 4352K, reserved 1048576K
}
Event: 3.459 GC heap after
{Heap after GC invocations=5 (full 0):
 garbage-first heap   total 196608K, used 14762K [0x0000000741a00000, 0x0000000800000000)
  region size 1024K, 7 young (7168K), 7 survivors (7168K)
 Metaspace       used 32926K, capacity 33861K, committed 34048K, reserved 1079296K
  class space    used 3910K, capacity 4259K, committed 4352K, reserved 1048576K
}
Event: 3.688 GC heap before
{Heap before GC invocations=5 (full 0):
 garbage-first heap   total 196608K, used 26026K [0x0000000741a00000, 0x0000000800000000)
  region size 1024K, 19 young (19456K), 7 survivors (7168K)
 Metaspace       used 34706K, capacity 35790K, committed 35840K, reserved 1081344K
  class space    used 4180K, capacity 4608K, committed 4608K, reserved 1048576K
}
Event: 3.697 GC heap after
{Heap after GC invocations=6 (full 0):
 garbage-first heap   total 236544K, used 15834K [0x0000000741a00000, 0x0000000800000000)
  region size 1024K, 8 young (8192K), 8 survivors (8192K)
 Metaspace       used 34706K, capacity 35790K, committed 35840K, reserved 1081344K
  class space    used 4180K, capacity 4608K, committed 4608K, reserved 1048576K
}
Event: 5.778 GC heap before
{Heap before GC invocations=7 (full 0):
 garbage-first heap   total 236544K, used 125402K [0x0000000741a00000, 0x0000000800000000)
  region size 1024K, 115 young (117760K), 8 survivors (8192K)
 Metaspace       used 53767K, capacity 55100K, committed 55116K, reserved 1097728K
  class space    used 6727K, capacity 7284K, committed 7296K, reserved 1048576K
}
Event: 5.789 GC heap after
{Heap after GC invocations=8 (full 0):
 garbage-first heap   total 236544K, used 21978K [0x0000000741a00000, 0x0000000800000000)
  region size 1024K, 14 young (14336K), 14 survivors (14336K)
 Metaspace       used 53767K, capacity 55100K, committed 55116K, reserved 1097728K
  class space    used 6727K, capacity 7284K, committed 7296K, reserved 1048576K
}
Event: 6.160 GC heap before
{Heap before GC invocations=8 (full 0):
 garbage-first heap   total 236544K, used 48602K [0x0000000741a00000, 0x0000000800000000)
  region size 1024K, 41 young (41984K), 14 survivors (14336K)
 Metaspace       used 58717K, capacity 60041K, committed 60236K, reserved 1101824K
  class space    used 7519K, capacity 8056K, committed 8064K, reserved 1048576K
}
Event: 6.174 GC heap after
{Heap after GC invocations=9 (full 0):
 garbage-first heap   total 236544K, used 22974K [0x0000000741a00000, 0x0000000800000000)
  region size 1024K, 9 young (9216K), 9 survivors (9216K)
 Metaspace       used 58717K, capacity 60041K, committed 60236K, reserved 1101824K
  class space    used 7519K, capacity 8056K, committed 8064K, reserved 1048576K
}
Event: 1010.496 GC heap before
{Heap before GC invocations=10 (full 0):
 garbage-first heap   total 236544K, used 136638K [0x0000000741a00000, 0x0000000800000000)
  region size 1024K, 120 young (122880K), 9 survivors (9216K)
 Metaspace       used 68539K, capacity 70287K, committed 70476K, reserved 1110016K
  class space    used 8776K, capacity 9520K, committed 9600K, reserved 1048576K
}
Event: 1010.505 GC heap after
{Heap after GC invocations=11 (full 0):
 garbage-first heap   total 236544K, used 27618K [0x0000000741a00000, 0x0000000800000000)
  region size 1024K, 12 young (12288K), 12 survivors (12288K)
 Metaspace       used 68539K, capacity 70287K, committed 70476K, reserved 1110016K
  class space    used 8776K, capacity 9520K, committed 9600K, reserved 1048576K
}

